#
# There is insufficient memory for the Java Runtime Environment to continue.
# Native memory allocation (malloc) failed to allocate 193776 bytes. Error detail: Chunk::new
# Possible reasons:
#   The system is out of physical RAM or swap space
#   This process is running with CompressedOops enabled, and the Java Heap may be blocking the growth of the native heap
# Possible solutions:
#   Reduce memory load on the system
#   Increase physical memory or swap space
#   Check if swap backing store is full
#   Decrease Java heap size (-Xmx/-Xms)
#   Decrease number of Java threads
#   Decrease Java thread stack sizes (-Xss)
#   Set larger code cache with -XX:ReservedCodeCacheSize=
#   JVM is running with Unscaled Compressed Oops mode in which the Java heap is
#     placed in the first 4GB address space. The Java Heap base address is the
#     maximum limit for the native heap growth. Please use -XX:HeapBaseMinAddress
#     to set the Java Heap base and to place the Java Heap above 4GB virtual address.
# This output file may be truncated or incomplete.
#
#  Out of Memory Error (arena.cpp:168), pid=16832, tid=15028
#
# JRE version: OpenJDK Runtime Environment Temurin-21.0.10+7 (21.0.10+7) (build 21.0.10+7-LTS)
# Java VM: OpenJDK 64-Bit Server VM Temurin-21.0.10+7 (21.0.10+7-LTS, mixed mode, sharing, tiered, compressed oops, compressed class ptrs, parallel gc, windows-amd64)
# No core dump will be written. Minidumps are not enabled by default on client versions of Windows
#

---------------  S U M M A R Y ------------

Command Line: --add-modules=ALL-SYSTEM --add-opens=java.base/java.util=ALL-UNNAMED --add-opens=java.base/java.lang=ALL-UNNAMED --add-opens=java.base/sun.nio.fs=ALL-UNNAMED -Declipse.application=org.eclipse.jdt.ls.core.id1 -Dosgi.bundles.defaultStartLevel=4 -Declipse.product=org.eclipse.jdt.ls.core.product -Djava.import.generatesMetadataFilesAtProjectRoot=false -DDetectVMInstallationsJob.disabled=true -Dfile.encoding=utf8 -XX:+UseParallelGC -XX:GCTimeRatio=4 -XX:AdaptiveSizePolicyWeight=90 -Dsun.zip.disableMemoryMapping=true -Xmx2G -Xms100m -Xlog:disable -javaagent:c:\Users\Nidhi Ji\.vscode\extensions\redhat.java-1.53.0-win32-x64\lombok\lombok-1.18.39-4050.jar c:\Users\Nidhi Ji\.vscode\extensions\redhat.java-1.53.0-win32-x64\server\plugins\org.eclipse.equinox.launcher_1.7.100.v20251111-0406.jar -configuration c:\Users\Nidhi Ji\AppData\Roaming\Code\User\globalStorage\redhat.java\1.53.0\config_ss_win -data c:\Users\Nidhi Ji\AppData\Roaming\Code\User\workspaceStorage\fbe148cfd51d329f29f5a0c7025826a9\redhat.java\ss_ws --pipe=\\.\pipe\lsp-066ce3b9c384e3834dec63aa9c04aa34-sock

Host: Intel(R) Core(TM) i3-1005G1 CPU @ 1.20GHz, 4 cores, 11G,  Windows 11 , 64 bit Build 26100 (10.0.26100.6725)
Time: Sat Apr  4 15:06:01 2026 India Standard Time elapsed time: 1.824975 seconds (0d 0h 0m 1s)

---------------  T H R E A D  ---------------

Current thread (0x0000015e023f3300):  JavaThread "C2 CompilerThread0" daemon [_thread_in_native, id=15028, stack(0x00000013cdc00000,0x00000013cdd00000) (1024K)]


Current CompileTask:
C2:1825 1095       4       java.math.BigInteger::implMultiplyToLen (216 bytes)

Stack: [0x00000013cdc00000,0x00000013cdd00000]
Native frames: (J=compiled Java code, j=interpreted, Vv=VM code, C=native code)
V  [jvm.dll+0x6d7a39]
V  [jvm.dll+0x8b4b26]
V  [jvm.dll+0x8b70de]
V  [jvm.dll+0x8b77c3]
V  [jvm.dll+0x284346]
V  [jvm.dll+0xc66ed]
V  [jvm.dll+0xc6c31]
V  [jvm.dll+0x2fb29e]
V  [jvm.dll+0x5fe884]
V  [jvm.dll+0x255b17]
V  [jvm.dll+0x255edd]
V  [jvm.dll+0x24e500]
V  [jvm.dll+0x24ba42]
V  [jvm.dll+0x1cb34e]
V  [jvm.dll+0x25b85d]
V  [jvm.dll+0x259dea]
V  [jvm.dll+0x3f857e]
V  [jvm.dll+0x85f59d]
V  [jvm.dll+0x6d626d]
C  [ucrtbase.dll+0x37b0]
C  [KERNEL32.DLL+0x2e8d7]
C  [ntdll.dll+0x8c53c]


---------------  P R O C E S S  ---------------

Threads class SMR info:
_java_thread_list=0x0000015e5ad411c0, length=12, elements={
0x0000015e024f8c30, 0x0000015e023e62f0, 0x0000015e023e8ef0, 0x0000015e023eaf10,
0x0000015e023eb970, 0x0000015e023ec3d0, 0x0000015e023f2570, 0x0000015e023f3300,
0x0000015e02477e50, 0x0000015e5ac70b50, 0x0000015e5ad4b780, 0x0000015e5ad3ea90
}

Java Threads: ( => current thread )
  0x0000015e024f8c30 JavaThread "main"                              [_thread_in_vm, id=7952, stack(0x00000013cd200000,0x00000013cd300000) (1024K)]
  0x0000015e023e62f0 JavaThread "Reference Handler"          daemon [_thread_blocked, id=20052, stack(0x00000013cd600000,0x00000013cd700000) (1024K)]
  0x0000015e023e8ef0 JavaThread "Finalizer"                  daemon [_thread_blocked, id=1372, stack(0x00000013cd700000,0x00000013cd800000) (1024K)]
  0x0000015e023eaf10 JavaThread "Signal Dispatcher"          daemon [_thread_blocked, id=16128, stack(0x00000013cd800000,0x00000013cd900000) (1024K)]
  0x0000015e023eb970 JavaThread "Attach Listener"            daemon [_thread_blocked, id=15944, stack(0x00000013cd900000,0x00000013cda00000) (1024K)]
  0x0000015e023ec3d0 JavaThread "Service Thread"             daemon [_thread_blocked, id=13068, stack(0x00000013cda00000,0x00000013cdb00000) (1024K)]
  0x0000015e023f2570 JavaThread "Monitor Deflation Thread"   daemon [_thread_blocked, id=4268, stack(0x00000013cdb00000,0x00000013cdc00000) (1024K)]
=>0x0000015e023f3300 JavaThread "C2 CompilerThread0"         daemon [_thread_in_native, id=15028, stack(0x00000013cdc00000,0x00000013cdd00000) (1024K)]
  0x0000015e02477e50 JavaThread "C1 CompilerThread0"         daemon [_thread_blocked, id=12944, stack(0x00000013cdd00000,0x00000013cde00000) (1024K)]
  0x0000015e5ac70b50 JavaThread "Common-Cleaner"             daemon [_thread_blocked, id=17240, stack(0x00000013cde00000,0x00000013cdf00000) (1024K)]
  0x0000015e5ad4b780 JavaThread "Notification Thread"        daemon [_thread_blocked, id=22412, stack(0x00000013cdf00000,0x00000013ce000000) (1024K)]
  0x0000015e5ad3ea90 JavaThread "C2 CompilerThread1"         daemon [_thread_blocked, id=18928, stack(0x00000013ce000000,0x00000013ce100000) (1024K)]
Total: 12

Other Threads:
  0x0000015e025bc7b0 VMThread "VM Thread"                           [id=124, stack(0x00000013cd500000,0x00000013cd600000) (1024K)]
  0x0000015e02565e30 WatcherThread "VM Periodic Task Thread"        [id=16808, stack(0x00000013cd400000,0x00000013cd500000) (1024K)]
  0x0000015e02517ba0 WorkerThread "GC Thread#0"                     [id=13744, stack(0x00000013cd300000,0x00000013cd400000) (1024K)]
Total: 3

Threads with active compile tasks:
C2 CompilerThread0  1846 1095       4       java.math.BigInteger::implMultiplyToLen (216 bytes)
Total: 1

VM state: not at safepoint (normal execution)

VM Mutex/Monitor currently owned by a thread: None

Heap address: 0x0000000080000000, size: 2048 MB, Compressed Oops mode: 32-bit

CDS archive(s) mapped at: [0x0000015e19000000-0x0000015e19ba0000-0x0000015e19ba0000), size 12189696, SharedBaseAddress: 0x0000015e19000000, ArchiveRelocationMode: 1.
Compressed class space mapped at: 0x0000015e1a000000-0x0000015e5a000000, reserved size: 1073741824
Narrow klass base: 0x0000015e19000000, Narrow klass shift: 0, Narrow klass range: 0x100000000

GC Precious Log:
 CardTable entry size: 512
 CPUs: 4 total, 4 available
 Memory: 12069M
 Large Page Support: Disabled
 NUMA Support: Disabled
 Compressed Oops: Enabled (32-bit)
 Alignments: Space 512K, Generation 512K, Heap 2M
 Heap Min Capacity: 100M
 Heap Initial Capacity: 100M
 Heap Max Capacity: 2G
 Pre-touch: Disabled
 Parallel Workers: 4

Heap:
 PSYoungGen      total 29696K, used 25379K [0x00000000d5580000, 0x00000000d7680000, 0x0000000100000000)
  eden space 25600K, 99% used [0x00000000d5580000,0x00000000d6e48fc0,0x00000000d6e80000)
  from space 4096K, 0% used [0x00000000d7280000,0x00000000d7280000,0x00000000d7680000)
  to   space 4096K, 0% used [0x00000000d6e80000,0x00000000d6e80000,0x00000000d7280000)
 ParOldGen       total 68608K, used 0K [0x0000000080000000, 0x0000000084300000, 0x00000000d5580000)
  object space 68608K, 0% used [0x0000000080000000,0x0000000080000000,0x0000000084300000)
 Metaspace       used 4237K, committed 4480K, reserved 1114112K
  class space    used 465K, committed 576K, reserved 1048576K

Card table byte_map: [0x0000015e01ea0000,0x0000015e022b0000] _byte_map_base: 0x0000015e01aa0000

Marking Bits: (ParMarkBitMap*) 0x00007ff875ba3450
 Begin Bits: [0x0000015e149b0000, 0x0000015e169b0000)
 End Bits:   [0x0000015e169b0000, 0x0000015e189b0000)

Polling page: 0x0000015e00300000

Metaspace:

Usage:
  Non-class:      3.68 MB used.
      Class:    465.41 KB used.
       Both:      4.14 MB used.

Virtual space:
  Non-class space:       64.00 MB reserved,       3.81 MB (  6%) committed,  1 nodes.
      Class space:        1.00 GB reserved,     576.00 KB ( <1%) committed,  1 nodes.
             Both:        1.06 GB reserved,       4.38 MB ( <1%) committed. 

Chunk freelists:
   Non-Class:  11.22 MB
       Class:  15.44 MB
        Both:  26.66 MB

MaxMetaspaceSize: unlimited
CompressedClassSpaceSize: 1.00 GB
Initial GC threshold: 21.00 MB
Current GC threshold: 21.00 MB
CDS: on
 - commit_granule_bytes: 65536.
 - commit_granule_words: 8192.
 - virtual_space_node_default_size: 8388608.
 - enlarge_chunks_in_place: 1.
 - use_allocation_guard: 0.


Internal statistics:

num_allocs_failed_limit: 0.
num_arena_births: 184.
num_arena_deaths: 0.
num_vsnodes_births: 2.
num_vsnodes_deaths: 0.
num_space_committed: 70.
num_space_uncommitted: 0.
num_chunks_returned_to_freelist: 0.
num_chunks_taken_from_freelist: 247.
num_chunk_merges: 0.
num_chunk_splits: 157.
num_chunks_enlarged: 89.
num_inconsistent_stats: 0.

CodeHeap 'non-profiled nmethods': size=120000Kb used=480Kb max_used=480Kb free=119519Kb
 bounds [0x0000015e0d1d0000, 0x0000015e0d440000, 0x0000015e14700000]
CodeHeap 'profiled nmethods': size=120000Kb used=1745Kb max_used=1745Kb free=118254Kb
 bounds [0x0000015e05700000, 0x0000015e05970000, 0x0000015e0cc30000]
CodeHeap 'non-nmethods': size=5760Kb used=1200Kb max_used=1227Kb free=4559Kb
 bounds [0x0000015e0cc30000, 0x0000015e0cea0000, 0x0000015e0d1d0000]
CodeCache: size=245760Kb, used=3425Kb, max_used=3452Kb, free=242332Kb
 total_blobs=1545, nmethods=1094, adapters=358, full_count=0
Compilation: enabled, stopped_count=0, restarted_count=0

Compilation events (20 events):
Event: 1.731 Thread 0x0000015e023f3300 nmethod 1085 0x0000015e0d246490 code [0x0000015e0d246620, 0x0000015e0d246750]
Event: 1.732 Thread 0x0000015e5ad3ea90 1086 %     4       jdk.internal.util.ArraysSupport::hashCode @ 8 (33 bytes)
Event: 1.732 Thread 0x0000015e02477e50 1087       3       sun.security.util.DerOutputStream::<init> (5 bytes)
Event: 1.733 Thread 0x0000015e02477e50 nmethod 1087 0x0000015e058b2690 code [0x0000015e058b2840, 0x0000015e058b29e0]
Event: 1.733 Thread 0x0000015e02477e50 1088       3       java.util.ArrayList::toArray (57 bytes)
Event: 1.733 Thread 0x0000015e02477e50 nmethod 1088 0x0000015e058b2a90 code [0x0000015e058b2c80, 0x0000015e058b31a8]
Event: 1.738 Thread 0x0000015e5ad3ea90 nmethod 1086% 0x0000015e0d246890 code [0x0000015e0d246a20, 0x0000015e0d246d30]
Event: 1.740 Thread 0x0000015e02477e50 1089       3       java.util.Arrays::hashCode (60 bytes)
Event: 1.741 Thread 0x0000015e02477e50 nmethod 1089 0x0000015e058b3310 code [0x0000015e058b34e0, 0x0000015e058b3768]
Event: 1.743 Thread 0x0000015e5ad3ea90 1090 %     4       java.math.BigInteger::implMultiplyToLen @ 135 (216 bytes)
Event: 1.746 Thread 0x0000015e02477e50 1091       3       sun.security.provider.DigestBase::implCompressMultiBlock0 (23 bytes)
Event: 1.746 Thread 0x0000015e02477e50 nmethod 1091 0x0000015e058b3890 code [0x0000015e058b3a40, 0x0000015e058b3ce8]
Event: 1.747 Thread 0x0000015e023f3300 1092 %     4       java.math.MutableBigInteger::mulsub @ 24 (110 bytes)
Event: 1.749 Thread 0x0000015e023f3300 nmethod 1092% 0x0000015e0d246e10 code [0x0000015e0d246fa0, 0x0000015e0d2471a0]
Event: 1.750 Thread 0x0000015e5ad3ea90 nmethod 1090% 0x0000015e0d247390 code [0x0000015e0d247540, 0x0000015e0d2478b8]
Event: 1.751 Thread 0x0000015e023f3300 1093       4       java.math.MutableBigInteger::mulsub (110 bytes)
Event: 1.758 Thread 0x0000015e023f3300 nmethod 1093 0x0000015e0d247b10 code [0x0000015e0d247ca0, 0x0000015e0d247fd0]
Event: 1.800 Thread 0x0000015e02477e50 1094       3       java.math.BigInteger::montReduce (99 bytes)
Event: 1.800 Thread 0x0000015e02477e50 nmethod 1094 0x0000015e058b3e10 code [0x0000015e058b4020, 0x0000015e058b44d0]
Event: 1.814 Thread 0x0000015e023f3300 1095       4       java.math.BigInteger::implMultiplyToLen (216 bytes)

GC Heap History (0 events):
No events

Dll operation events (8 events):
Event: 0.016 Loaded shared library c:\Users\Nidhi Ji\.vscode\extensions\redhat.java-1.53.0-win32-x64\jre\21.0.10-win32-x86_64\bin\java.dll
Event: 0.144 Loaded shared library c:\Users\Nidhi Ji\.vscode\extensions\redhat.java-1.53.0-win32-x64\jre\21.0.10-win32-x86_64\bin\zip.dll
Event: 0.184 Loaded shared library C:\Users\Nidhi Ji\.vscode\extensions\redhat.java-1.53.0-win32-x64\jre\21.0.10-win32-x86_64\bin\instrument.dll
Event: 0.206 Loaded shared library C:\Users\Nidhi Ji\.vscode\extensions\redhat.java-1.53.0-win32-x64\jre\21.0.10-win32-x86_64\bin\net.dll
Event: 0.211 Loaded shared library C:\Users\Nidhi Ji\.vscode\extensions\redhat.java-1.53.0-win32-x64\jre\21.0.10-win32-x86_64\bin\nio.dll
Event: 0.218 Loaded shared library C:\Users\Nidhi Ji\.vscode\extensions\redhat.java-1.53.0-win32-x64\jre\21.0.10-win32-x86_64\bin\zip.dll
Event: 0.266 Loaded shared library C:\Users\Nidhi Ji\.vscode\extensions\redhat.java-1.53.0-win32-x64\jre\21.0.10-win32-x86_64\bin\jimage.dll
Event: 0.428 Loaded shared library c:\Users\Nidhi Ji\.vscode\extensions\redhat.java-1.53.0-win32-x64\jre\21.0.10-win32-x86_64\bin\verify.dll

Deoptimization events (20 events):
Event: 1.663 Thread 0x0000015e024f8c30 DEOPT PACKING pc=0x0000015e0587fe31 sp=0x00000013cd2fe0c0
Event: 1.663 Thread 0x0000015e024f8c30 DEOPT UNPACKING pc=0x0000015e0cc878e2 sp=0x00000013cd2fd538 mode 0
Event: 1.664 Thread 0x0000015e024f8c30 DEOPT PACKING pc=0x0000015e0587fe31 sp=0x00000013cd2fe0c0
Event: 1.664 Thread 0x0000015e024f8c30 DEOPT UNPACKING pc=0x0000015e0cc878e2 sp=0x00000013cd2fd538 mode 0
Event: 1.665 Thread 0x0000015e024f8c30 DEOPT PACKING pc=0x0000015e0587fe31 sp=0x00000013cd2fe0c0
Event: 1.665 Thread 0x0000015e024f8c30 DEOPT UNPACKING pc=0x0000015e0cc878e2 sp=0x00000013cd2fd538 mode 0
Event: 1.728 Thread 0x0000015e024f8c30 Uncommon trap: trap_request=0xffffff45 fr.pc=0x0000015e0d23b058 relative=0x00000000000000b8
Event: 1.728 Thread 0x0000015e024f8c30 Uncommon trap: reason=unstable_if action=reinterpret pc=0x0000015e0d23b058 method=java.lang.invoke.VarHandle.checkAccessModeThenIsDirect(Ljava/lang/invoke/VarHandle$AccessDescriptor;)Z @ 4 c2
Event: 1.728 Thread 0x0000015e024f8c30 DEOPT PACKING pc=0x0000015e0d23b058 sp=0x00000013cd2fdc40
Event: 1.728 Thread 0x0000015e024f8c30 DEOPT UNPACKING pc=0x0000015e0cc86da2 sp=0x00000013cd2fdbf0 mode 2
Event: 1.728 Thread 0x0000015e024f8c30 Uncommon trap: trap_request=0xffffff45 fr.pc=0x0000015e0d23b83c relative=0x000000000000009c
Event: 1.728 Thread 0x0000015e024f8c30 Uncommon trap: reason=unstable_if action=reinterpret pc=0x0000015e0d23b83c method=java.lang.invoke.VarForm.getMemberName(I)Ljava/lang/invoke/MemberName; @ 8 c2
Event: 1.728 Thread 0x0000015e024f8c30 DEOPT PACKING pc=0x0000015e0d23b83c sp=0x00000013cd2fdc40
Event: 1.728 Thread 0x0000015e024f8c30 DEOPT UNPACKING pc=0x0000015e0cc86da2 sp=0x00000013cd2fdbd8 mode 2
Event: 1.732 Thread 0x0000015e024f8c30 Uncommon trap: trap_request=0xffffffc6 fr.pc=0x0000015e0d2377c0 relative=0x00000000000002e0
Event: 1.732 Thread 0x0000015e024f8c30 Uncommon trap: reason=bimorphic_or_optimized_type_check action=maybe_recompile pc=0x0000015e0d2377c0 method=java.util.HashMap.getNode(Ljava/lang/Object;)Ljava/util/HashMap$Node; @ 128 c2
Event: 1.732 Thread 0x0000015e024f8c30 DEOPT PACKING pc=0x0000015e0d2377c0 sp=0x00000013cd2fd850
Event: 1.732 Thread 0x0000015e024f8c30 DEOPT UNPACKING pc=0x0000015e0cc86da2 sp=0x00000013cd2fd7c8 mode 2
Event: 1.798 Thread 0x0000015e024f8c30 DEOPT PACKING pc=0x0000015e05803a06 sp=0x00000013cd2fd3e0
Event: 1.798 Thread 0x0000015e024f8c30 DEOPT UNPACKING pc=0x0000015e0cc878e2 sp=0x00000013cd2fc860 mode 0

Classes loaded (20 events):
Event: 1.726 Loading class jdk/internal/logger/LazyLoggers$JdkLazyLogger
Event: 1.726 Loading class jdk/internal/logger/LazyLoggers$LazyLoggerWrapper
Event: 1.726 Loading class jdk/internal/logger/AbstractLoggerWrapper
Event: 1.727 Loading class jdk/internal/logger/AbstractLoggerWrapper done
Event: 1.727 Loading class jdk/internal/logger/LazyLoggers$LazyLoggerWrapper done
Event: 1.727 Loading class jdk/internal/logger/LazyLoggers$JdkLazyLogger done
Event: 1.727 Loading class jdk/internal/logger/LazyLoggers$LazyLoggerAccessor
Event: 1.727 Loading class jdk/internal/logger/LazyLoggers$LoggerAccessor
Event: 1.727 Loading class jdk/internal/logger/LazyLoggers$LoggerAccessor done
Event: 1.727 Loading class jdk/internal/logger/LazyLoggers$LazyLoggerAccessor done
Event: 1.728 Loading class jdk/internal/logger/SurrogateLogger
Event: 1.728 Loading class jdk/internal/logger/SimpleConsoleLogger
Event: 1.728 Loading class sun/util/logging/PlatformLogger$ConfigurableBridge$LoggerConfiguration
Event: 1.728 Loading class sun/util/logging/PlatformLogger$ConfigurableBridge$LoggerConfiguration done
Event: 1.729 Loading class jdk/internal/logger/SimpleConsoleLogger done
Event: 1.729 Loading class jdk/internal/logger/SurrogateLogger done
Event: 1.729 Loading class sun/util/logging/PlatformLogger
Event: 1.729 Loading class sun/util/logging/PlatformLogger done
Event: 1.729 Loading class sun/util/logging/PlatformLogger$Level
Event: 1.729 Loading class sun/util/logging/PlatformLogger$Level done

Classes unloaded (0 events):
No events

Classes redefined (0 events):
No events

Internal exceptions (20 events):
Event: 0.346 Thread 0x0000015e024f8c30 Exception <a 'java/lang/NoSuchMethodError'{0x00000000d5a08690}: 'java.lang.Object java.lang.invoke.DirectMethodHandle$Holder.invokeStatic(java.lang.Object, java.lang.Object, int)'> (0x00000000d5a08690) 
thrown [s\src\hotspot\share\interpreter\linkResolver.cpp, line 773]
Event: 0.347 Thread 0x0000015e024f8c30 Exception <a 'java/lang/NoSuchMethodError'{0x00000000d5a0cfe0}: 'void java.lang.invoke.DirectMethodHandle$Holder.invokeStatic(java.lang.Object, java.lang.Object, int, java.lang.Object)'> (0x00000000d5a0cfe0) 
thrown [s\src\hotspot\share\interpreter\linkResolver.cpp, line 773]
Event: 0.348 Thread 0x0000015e024f8c30 Exception <a 'java/lang/NoSuchMethodError'{0x00000000d5a10b70}: 'void java.lang.invoke.DirectMethodHandle$Holder.invokeSpecial(java.lang.Object, java.lang.Object, java.lang.Object, int, java.lang.Object)'> (0x00000000d5a10b70) 
thrown [s\src\hotspot\share\interpreter\linkResolver.cpp, line 773]
Event: 0.348 Thread 0x0000015e024f8c30 Exception <a 'java/lang/NoSuchMethodError'{0x00000000d5a142e0}: 'void java.lang.invoke.DelegatingMethodHandle$Holder.delegate(java.lang.Object, java.lang.Object, int, java.lang.Object)'> (0x00000000d5a142e0) 
thrown [s\src\hotspot\share\interpreter\linkResolver.cpp, line 773]
Event: 0.494 Thread 0x0000015e024f8c30 Exception <a 'java/lang/NoSuchMethodError'{0x00000000d5bdfad8}: 'void java.lang.invoke.DelegatingMethodHandle$Holder.reinvoke_L(java.lang.Object, java.lang.Object, java.lang.Object, int)'> (0x00000000d5bdfad8) 
thrown [s\src\hotspot\share\interpreter\linkResolver.cpp, line 773]
Event: 0.791 Thread 0x0000015e024f8c30 Exception <a 'java/lang/NoSuchMethodError'{0x00000000d607ab88}: 'void java.lang.invoke.DirectMethodHandle$Holder.invokeVirtual(java.lang.Object, java.lang.Object)'> (0x00000000d607ab88) 
thrown [s\src\hotspot\share\interpreter\linkResolver.cpp, line 773]
Event: 1.042 Thread 0x0000015e024f8c30 Exception <a 'java/lang/NoSuchMethodError'{0x00000000d645a028}: 'void java.lang.invoke.DirectMethodHandle$Holder.invokeStatic(java.lang.Object, java.lang.Object)'> (0x00000000d645a028) 
thrown [s\src\hotspot\share\interpreter\linkResolver.cpp, line 773]
Event: 1.075 Thread 0x0000015e024f8c30 Exception <a 'java/lang/ClassNotFoundException'{0x00000000d6482128}: sun/net/www/protocol/c/Handler> (0x00000000d6482128) 
thrown [s\src\hotspot\share\classfile\systemDictionary.cpp, line 312]
Event: 1.182 Thread 0x0000015e024f8c30 Exception <a 'java/io/FileNotFoundException'{0x00000000d64df098}> (0x00000000d64df098) 
thrown [s\src\hotspot\share\prims\jni.cpp, line 520]
Event: 1.182 Thread 0x0000015e024f8c30 Exception <a 'java/io/FileNotFoundException'{0x00000000d64e03d0}> (0x00000000d64e03d0) 
thrown [s\src\hotspot\share\prims\jni.cpp, line 520]
Event: 1.182 Thread 0x0000015e024f8c30 Exception <a 'java/io/FileNotFoundException'{0x00000000d64e1058}> (0x00000000d64e1058) 
thrown [s\src\hotspot\share\prims\jni.cpp, line 520]
Event: 1.183 Thread 0x0000015e024f8c30 Exception <a 'java/io/FileNotFoundException'{0x00000000d64e1bc8}> (0x00000000d64e1bc8) 
thrown [s\src\hotspot\share\prims\jni.cpp, line 520]
Event: 1.190 Thread 0x0000015e024f8c30 Implicit null exception at 0x0000015e0d204324 to 0x0000015e0d204924
Event: 1.191 Thread 0x0000015e024f8c30 Implicit null exception at 0x0000015e0d2036a0 to 0x0000015e0d203c98
Event: 1.215 Thread 0x0000015e024f8c30 Exception <a 'java/io/FileNotFoundException'{0x00000000d651a060}> (0x00000000d651a060) 
thrown [s\src\hotspot\share\prims\jni.cpp, line 520]
Event: 1.262 Thread 0x0000015e024f8c30 Exception <a 'java/lang/NoSuchMethodError'{0x00000000d65538c0}: 'java.lang.Object java.lang.invoke.DirectMethodHandle$Holder.invokeInterface(java.lang.Object, java.lang.Object)'> (0x00000000d65538c0) 
thrown [s\src\hotspot\share\interpreter\linkResolver.cpp, line 773]
Event: 1.275 Thread 0x0000015e024f8c30 Exception <a 'java/lang/NoSuchMethodError'{0x00000000d65670c0}: 'java.lang.Object java.lang.invoke.Invokers$Holder.invokeExact_MT(java.lang.Object, java.lang.Object, java.lang.Object, java.lang.Object, java.lang.Object, java.lang.Object)'> (0x00000000d65670c0) 
thrown [s\src\hotspot\share\interpreter\linkResolver.cpp, line 773]
Event: 1.298 Thread 0x0000015e024f8c30 Exception <a 'java/lang/NoSuchMethodError'{0x00000000d657e198}: 'int java.lang.invoke.DirectMethodHandle$Holder.invokeStatic(java.lang.Object, java.lang.Object, java.lang.Object, java.lang.Object, java.lang.Object)'> (0x00000000d657e198) 
thrown [s\src\hotspot\share\interpreter\linkResolver.cpp, line 773]
Event: 1.347 Thread 0x0000015e024f8c30 Exception <a 'java/lang/NoSuchMethodError'{0x00000000d6611ad8}: 'java.lang.Object java.lang.invoke.DirectMethodHandle$Holder.invokeInterface(java.lang.Object, java.lang.Object, int)'> (0x00000000d6611ad8) 
thrown [s\src\hotspot\share\interpreter\linkResolver.cpp, line 773]
Event: 1.583 Thread 0x0000015e024f8c30 Exception <a 'java/lang/NoSuchMethodError'{0x00000000d6a7a1f0}: 'java.lang.ClassLoader java.lang.ClassLoader.getPlatformClassLoader(java.lang.Class)'> (0x00000000d6a7a1f0) 
thrown [s\src\hotspot\share\interpreter\linkResolver.cpp, line 773]

ZGC Phase Switch (0 events):
No events

VM Operations (10 events):
Event: 0.143 Executing non-safepoint VM operation: HandshakeAllThreads (Deoptimize)
Event: 0.143 Executing non-safepoint VM operation: HandshakeAllThreads (Deoptimize) done
Event: 0.284 Executing non-safepoint VM operation: HandshakeAllThreads (Deoptimize)
Event: 0.284 Executing non-safepoint VM operation: HandshakeAllThreads (Deoptimize) done
Event: 0.996 Executing non-safepoint VM operation: HandshakeAllThreads (Deoptimize)
Event: 0.997 Executing non-safepoint VM operation: HandshakeAllThreads (Deoptimize) done
Event: 1.030 Executing non-safepoint VM operation: HandshakeAllThreads (Deoptimize)
Event: 1.030 Executing non-safepoint VM operation: HandshakeAllThreads (Deoptimize) done
Event: 1.727 Executing safepoint VM operation: ICBufferFull
Event: 1.728 Executing safepoint VM operation: ICBufferFull done

Memory protections (0 events):
No events

Nmethod flushes (0 events):
No events

Events (12 events):
Event: 0.048 Thread 0x0000015e024f8c30 Thread added: 0x0000015e024f8c30
Event: 0.077 Thread 0x0000015e024f8c30 Thread added: 0x0000015e023e62f0
Event: 0.077 Thread 0x0000015e024f8c30 Thread added: 0x0000015e023e8ef0
Event: 0.078 Thread 0x0000015e024f8c30 Thread added: 0x0000015e023eaf10
Event: 0.078 Thread 0x0000015e024f8c30 Thread added: 0x0000015e023eb970
Event: 0.078 Thread 0x0000015e024f8c30 Thread added: 0x0000015e023ec3d0
Event: 0.078 Thread 0x0000015e024f8c30 Thread added: 0x0000015e023f2570
Event: 0.078 Thread 0x0000015e024f8c30 Thread added: 0x0000015e023f3300
Event: 0.086 Thread 0x0000015e024f8c30 Thread added: 0x0000015e02477e50
Event: 0.198 Thread 0x0000015e024f8c30 Thread added: 0x0000015e5ac70b50
Event: 0.660 Thread 0x0000015e024f8c30 Thread added: 0x0000015e5ad4b780
Event: 0.663 Thread 0x0000015e02477e50 Thread added: 0x0000015e5ad3ea90


Dynamic libraries:
0x00007ff7add30000 - 0x00007ff7add3e000 	c:\Users\Nidhi Ji\.vscode\extensions\redhat.java-1.53.0-win32-x64\jre\21.0.10-win32-x86_64\bin\java.exe
0x00007ff90d3e0000 - 0x00007ff90d648000 	C:\WINDOWS\SYSTEM32\ntdll.dll
0x00007ff90bc70000 - 0x00007ff90bd39000 	C:\WINDOWS\System32\KERNEL32.DLL
0x00007ff90a570000 - 0x00007ff90a962000 	C:\WINDOWS\System32\KERNELBASE.dll
0x00007ff90af20000 - 0x00007ff90b06b000 	C:\WINDOWS\System32\ucrtbase.dll
0x00007ff8e9fb0000 - 0x00007ff8e9fc8000 	c:\Users\Nidhi Ji\.vscode\extensions\redhat.java-1.53.0-win32-x64\jre\21.0.10-win32-x86_64\bin\jli.dll
0x00007ff90b8b0000 - 0x00007ff90ba75000 	C:\WINDOWS\System32\USER32.dll
0x00007ff90ac50000 - 0x00007ff90ac77000 	C:\WINDOWS\System32\win32u.dll
0x00007ff90d2a0000 - 0x00007ff90d2cb000 	C:\WINDOWS\System32\GDI32.dll
0x00007ff90ac80000 - 0x00007ff90adad000 	C:\WINDOWS\System32\gdi32full.dll
0x00007ff90b070000 - 0x00007ff90b113000 	C:\WINDOWS\System32\msvcp_win.dll
0x00007ff8e90f0000 - 0x00007ff8e910e000 	c:\Users\Nidhi Ji\.vscode\extensions\redhat.java-1.53.0-win32-x64\jre\21.0.10-win32-x86_64\bin\VCRUNTIME140.dll
0x00007ff8f4980000 - 0x00007ff8f4c13000 	C:\WINDOWS\WinSxS\amd64_microsoft.windows.common-controls_6595b64144ccf1df_6.0.26100.6899_none_3e0efeeae32e88c1\COMCTL32.dll
0x00007ff90bbc0000 - 0x00007ff90bc69000 	C:\WINDOWS\System32\msvcrt.dll
0x00007ff90d2d0000 - 0x00007ff90d2ff000 	C:\WINDOWS\System32\IMM32.DLL
0x00007ff8ea400000 - 0x00007ff8ea40c000 	c:\Users\Nidhi Ji\.vscode\extensions\redhat.java-1.53.0-win32-x64\jre\21.0.10-win32-x86_64\bin\vcruntime140_1.dll
0x00007ff89d020000 - 0x00007ff89d0ad000 	c:\Users\Nidhi Ji\.vscode\extensions\redhat.java-1.53.0-win32-x64\jre\21.0.10-win32-x86_64\bin\msvcp140.dll
0x00007ff874ee0000 - 0x00007ff875c81000 	c:\Users\Nidhi Ji\.vscode\extensions\redhat.java-1.53.0-win32-x64\jre\21.0.10-win32-x86_64\bin\server\jvm.dll
0x00007ff90b650000 - 0x00007ff90b704000 	C:\WINDOWS\System32\ADVAPI32.dll
0x00007ff90ba90000 - 0x00007ff90bb36000 	C:\WINDOWS\System32\sechost.dll
0x00007ff90c3a0000 - 0x00007ff90c4b8000 	C:\WINDOWS\System32\RPCRT4.dll
0x00007ff90bb40000 - 0x00007ff90bbb4000 	C:\WINDOWS\System32\WS2_32.dll
0x00007ff90a3f0000 - 0x00007ff90a44e000 	C:\WINDOWS\SYSTEM32\POWRPROF.dll
0x00007ff8f4f90000 - 0x00007ff8f4fc5000 	C:\WINDOWS\SYSTEM32\WINMM.dll
0x00007ff8fecf0000 - 0x00007ff8fecfb000 	C:\WINDOWS\SYSTEM32\VERSION.dll
0x00007ff90a3d0000 - 0x00007ff90a3e4000 	C:\WINDOWS\SYSTEM32\UMPDC.dll
0x00007ff909340000 - 0x00007ff90935b000 	C:\WINDOWS\SYSTEM32\kernel.appcore.dll
0x00007ff8e9e40000 - 0x00007ff8e9e4a000 	c:\Users\Nidhi Ji\.vscode\extensions\redhat.java-1.53.0-win32-x64\jre\21.0.10-win32-x86_64\bin\jimage.dll
0x00007ff907d50000 - 0x00007ff907f92000 	C:\WINDOWS\SYSTEM32\DBGHELP.DLL
0x00007ff90bd40000 - 0x00007ff90c0bb000 	C:\WINDOWS\System32\combase.dll
0x00007ff90c130000 - 0x00007ff90c207000 	C:\WINDOWS\System32\OLEAUT32.dll
0x00007ff8eeb90000 - 0x00007ff8eebcc000 	C:\WINDOWS\SYSTEM32\dbgcore.DLL
0x00007ff90a970000 - 0x00007ff90aa08000 	C:\WINDOWS\System32\bcryptPrimitives.dll
0x00007ff8e90e0000 - 0x00007ff8e90ef000 	c:\Users\Nidhi Ji\.vscode\extensions\redhat.java-1.53.0-win32-x64\jre\21.0.10-win32-x86_64\bin\instrument.dll
0x00007ff8e90c0000 - 0x00007ff8e90e0000 	c:\Users\Nidhi Ji\.vscode\extensions\redhat.java-1.53.0-win32-x64\jre\21.0.10-win32-x86_64\bin\java.dll
0x00007ff90cb50000 - 0x00007ff90d29d000 	C:\WINDOWS\System32\SHELL32.dll
0x00007ff90adb0000 - 0x00007ff90af1b000 	C:\WINDOWS\System32\wintypes.dll
0x00007ff908200000 - 0x00007ff908a5d000 	C:\WINDOWS\SYSTEM32\windows.storage.dll
0x00007ff90c2a0000 - 0x00007ff90c392000 	C:\WINDOWS\System32\SHCORE.dll
0x00007ff90c0c0000 - 0x00007ff90c122000 	C:\WINDOWS\System32\shlwapi.dll
0x00007ff90a490000 - 0x00007ff90a4b9000 	C:\WINDOWS\SYSTEM32\profapi.dll
0x00007ff8e90a0000 - 0x00007ff8e90b8000 	c:\Users\Nidhi Ji\.vscode\extensions\redhat.java-1.53.0-win32-x64\jre\21.0.10-win32-x86_64\bin\zip.dll
0x00007ff8e9040000 - 0x00007ff8e9050000 	C:\Users\Nidhi Ji\.vscode\extensions\redhat.java-1.53.0-win32-x64\jre\21.0.10-win32-x86_64\bin\net.dll
0x00007ff8fe4a0000 - 0x00007ff8fe5bf000 	C:\WINDOWS\SYSTEM32\WINHTTP.dll
0x00007ff9098b0000 - 0x00007ff90991b000 	C:\WINDOWS\system32\mswsock.dll
0x00007ff8e9020000 - 0x00007ff8e9036000 	C:\Users\Nidhi Ji\.vscode\extensions\redhat.java-1.53.0-win32-x64\jre\21.0.10-win32-x86_64\bin\nio.dll
0x00007ff8e9010000 - 0x00007ff8e9020000 	c:\Users\Nidhi Ji\.vscode\extensions\redhat.java-1.53.0-win32-x64\jre\21.0.10-win32-x86_64\bin\verify.dll

JVMTI agents:
c:\Users\Nidhi Ji\.vscode\extensions\redhat.java-1.53.0-win32-x64\lombok\lombok-1.18.39-4050.jar path:c:\Users\Nidhi Ji\.vscode\extensions\redhat.java-1.53.0-win32-x64\jre\21.0.10-win32-x86_64\bin\instrument.dll, loaded, initialized, instrumentlib options:none

dbghelp: loaded successfully - version: 4.0.5 - missing functions: none
symbol engine: initialized successfully - sym options: 0x614 - pdb path: .;c:\Users\Nidhi Ji\.vscode\extensions\redhat.java-1.53.0-win32-x64\jre\21.0.10-win32-x86_64\bin;C:\WINDOWS\SYSTEM32;C:\WINDOWS\WinSxS\amd64_microsoft.windows.common-controls_6595b64144ccf1df_6.0.26100.6899_none_3e0efeeae32e88c1;c:\Users\Nidhi Ji\.vscode\extensions\redhat.java-1.53.0-win32-x64\jre\21.0.10-win32-x86_64\bin\server

VM Arguments:
jvm_args: --add-modules=ALL-SYSTEM --add-opens=java.base/java.util=ALL-UNNAMED --add-opens=java.base/java.lang=ALL-UNNAMED --add-opens=java.base/sun.nio.fs=ALL-UNNAMED -Declipse.application=org.eclipse.jdt.ls.core.id1 -Dosgi.bundles.defaultStartLevel=4 -Declipse.product=org.eclipse.jdt.ls.core.product -Djava.import.generatesMetadataFilesAtProjectRoot=false -DDetectVMInstallationsJob.disabled=true -Dfile.encoding=utf8 -XX:+UseParallelGC -XX:GCTimeRatio=4 -XX:AdaptiveSizePolicyWeight=90 -Dsun.zip.disableMemoryMapping=true -Xmx2G -Xms100m -Xlog:disable -javaagent:c:\Users\Nidhi Ji\.vscode\extensions\redhat.java-1.53.0-win32-x64\lombok\lombok-1.18.39-4050.jar 
java_command: c:\Users\Nidhi Ji\.vscode\extensions\redhat.java-1.53.0-win32-x64\server\plugins\org.eclipse.equinox.launcher_1.7.100.v20251111-0406.jar -configuration c:\Users\Nidhi Ji\AppData\Roaming\Code\User\globalStorage\redhat.java\1.53.0\config_ss_win -data c:\Users\Nidhi Ji\AppData\Roaming\Code\User\workspaceStorage\fbe148cfd51d329f29f5a0c7025826a9\redhat.java\ss_ws --pipe=\\.\pipe\lsp-066ce3b9c384e3834dec63aa9c04aa34-sock
java_class_path (initial): c:\Users\Nidhi Ji\.vscode\extensions\redhat.java-1.53.0-win32-x64\server\plugins\org.eclipse.equinox.launcher_1.7.100.v20251111-0406.jar
Launcher Type: SUN_STANDARD

[Global flags]
    uintx AdaptiveSizePolicyWeight                 = 90                                        {product} {command line}
     intx CICompilerCount                          = 3                                         {product} {ergonomic}
    uintx GCTimeRatio                              = 4                                         {product} {command line}
   size_t InitialHeapSize                          = 104857600                                 {product} {command line}
   size_t MaxHeapSize                              = 2147483648                                {product} {command line}
   size_t MaxNewSize                               = 715653120                                 {product} {ergonomic}
   size_t MinHeapDeltaBytes                        = 524288                                    {product} {ergonomic}
   size_t MinHeapSize                              = 104857600                                 {product} {command line}
   size_t NewSize                                  = 34603008                                  {product} {ergonomic}
    uintx NonNMethodCodeHeapSize                   = 5832780                                {pd product} {ergonomic}
    uintx NonProfiledCodeHeapSize                  = 122912730                              {pd product} {ergonomic}
   size_t OldSize                                  = 70254592                                  {product} {ergonomic}
    uintx ProfiledCodeHeapSize                     = 122912730                              {pd product} {ergonomic}
    uintx ReservedCodeCacheSize                    = 251658240                              {pd product} {ergonomic}
     bool SegmentedCodeCache                       = true                                      {product} {ergonomic}
   size_t SoftMaxHeapSize                          = 2147483648                             {manageable} {ergonomic}
     bool UseCompressedOops                        = true                           {product lp64_product} {ergonomic}
     bool UseLargePagesIndividualAllocation        = false                                  {pd product} {ergonomic}
     bool UseParallelGC                            = true                                      {product} {command line}

Logging:
Log output configuration:
 #0: stdout all=off uptime,level,tags foldmultilines=false
 #1: stderr all=off uptime,level,tags foldmultilines=false

Release file:
JAVA_VERSION="21.0.10" 
MODULES="java.base java.compiler java.datatransfer java.xml java.prefs java.desktop java.instrument java.logging java.management java.security.sasl java.naming java.rmi java.management.rmi java.net.http java.scripting java.security.jgss java.transaction.xa java.sql java.sql.rowset java.xml.crypto java.se java.smartcardio jdk.accessibility jdk.internal.jvmstat jdk.attach jdk.charsets jdk.internal.opt jdk.zipfs jdk.compiler jdk.crypto.ec jdk.crypto.cryptoki jdk.crypto.mscapi jdk.dynalink jdk.internal.ed jdk.editpad jdk.hotspot.agent jdk.httpserver jdk.internal.le jdk.internal.vm.ci jdk.internal.vm.compiler jdk.internal.vm.compiler.management jdk.jartool jdk.javadoc jdk.jcmd jdk.management jdk.management.agent jdk.jconsole jdk.jdeps jdk.jdwp.agent jdk.jdi jdk.jfr jdk.jshell jdk.jsobject jdk.jstatd jdk.localedata jdk.management.jfr jdk.naming.dns jdk.naming.rmi jdk.net jdk.nio.mapmode jdk.random jdk.sctp jdk.security.auth jdk.security.jgss jdk.unsupported jdk.unsupported.desktop jdk.xml.dom" 

Environment Variables:
PATH=C:\Users\Nidhi Ji\AppData\Local\Programs\Microsoft VS Code;C:\Program Files\Python314\Scripts\;C:\Program Files\Python314\;C:\Program Files\Common Files\Oracle\Java\javapath;C:\WINDOWS\system32;C:\WINDOWS;C:\WINDOWS\System32\Wbem;C:\WINDOWS\System32\WindowsPowerShell\v1.0\;C:\WINDOWS\System32\OpenSSH\;C:\Program Files\nodejs;C:\Users\Nidhi Ji\Git\cmd;C:\Program Files\Java\jdk-25\bin;C:\mingw64\bin;C:\Program Files\Java\jdk-25\bin;C:\Program Files\MySQL\MySQL Shell 8.0\bin\;C:\Users\Nidhi Ji\AppData\Local\Programs\Microsoft VS Code\bin;C:\Users\Nidhi Ji\AppData\Local\Microsoft\WindowsApps;C:\Users\Nidhi Ji\AppData\Local\JetBrains\Toolbox\scripts
USERNAME=Nidhi
OS=Windows_NT
PROCESSOR_IDENTIFIER=Intel64 Family 6 Model 126 Stepping 5, GenuineIntel
TMP=C:\Users\NIDHIJ~1\AppData\Local\Temp
TEMP=C:\Users\NIDHIJ~1\AppData\Local\Temp




Periodic native trim disabled

---------------  S Y S T E M  ---------------

OS:
 Windows 11 , 64 bit Build 26100 (10.0.26100.6725)
OS uptime: 0 days 15:15 hours

CPU: total 4 (initial active 4) (2 cores per cpu, 2 threads per core) family 6 model 126 stepping 5 microcode 0xa0, cx8, cmov, fxsr, ht, mmx, 3dnowpref, sse, sse2, sse3, ssse3, sse4.1, sse4.2, popcnt, lzcnt, tsc, tscinvbit, avx, avx2, aes, erms, clmul, bmi1, bmi2, adx, avx512f, avx512dq, avx512cd, avx512bw, avx512vl, sha, fma, vzeroupper, avx512_vpopcntdq, avx512_vpclmulqdq, avx512_vaes, avx512_vnni, clflush, clflushopt, avx512_vbmi2, avx512_vbmi, rdtscp, rdpid, fsrm, gfni, avx512_bitalg, f16c, pku, avx512_ifma
Processor Information for processor 0
  Max Mhz: 1190, Current Mhz: 1190, Mhz Limit: 1190
Processor Information for processor 1
  Max Mhz: 1190, Current Mhz: 991, Mhz Limit: 1190
Processor Information for processor 2
  Max Mhz: 1190, Current Mhz: 1190, Mhz Limit: 1190
Processor Information for processor 3
  Max Mhz: 1190, Current Mhz: 1190, Mhz Limit: 1190

Memory: 4k page, system-wide physical 12069M (1295M free)
TotalPageFile size 18194M (AvailPageFile size 1M)
current process WorkingSet (physical memory assigned to process): 75M, peak: 75M
current process commit charge ("private bytes"): 221M, peak: 222M

vm_info: OpenJDK 64-Bit Server VM (21.0.10+7-LTS) for windows-amd64 JRE (21.0.10+7-LTS), built on 2026-01-20T00:00:00Z by "admin" with MS VC++ 17.12 (VS2022)

END.
