#
# There is insufficient memory for the Java Runtime Environment to continue.
# Native memory allocation (malloc) failed to allocate 316576 bytes. Error detail: Chunk::new
# Possible reasons:
#   The system is out of physical RAM or swap space
#   This process is running with CompressedOops enabled, and the Java Heap may be blocking the growth of the native heap
# Possible solutions:
#   Reduce memory load on the system
#   Increase physical memory or swap space
#   Check if swap backing store is full
#   Decrease Java heap size (-Xmx/-Xms)
#   Decrease number of Java threads
#   Decrease Java thread stack sizes (-Xss)
#   Set larger code cache with -XX:ReservedCodeCacheSize=
#   JVM is running with Unscaled Compressed Oops mode in which the Java heap is
#     placed in the first 4GB address space. The Java Heap base address is the
#     maximum limit for the native heap growth. Please use -XX:HeapBaseMinAddress
#     to set the Java Heap base and to place the Java Heap above 4GB virtual address.
# This output file may be truncated or incomplete.
#
#  Out of Memory Error (arena.cpp:168), pid=18664, tid=13404
#
# JRE version: OpenJDK Runtime Environment Temurin-21.0.10+7 (21.0.10+7) (build 21.0.10+7-LTS)
# Java VM: OpenJDK 64-Bit Server VM Temurin-21.0.10+7 (21.0.10+7-LTS, mixed mode, sharing, tiered, compressed oops, compressed class ptrs, parallel gc, windows-amd64)
# No core dump will be written. Minidumps are not enabled by default on client versions of Windows
#

---------------  S U M M A R Y ------------

Command Line: --add-modules=ALL-SYSTEM --add-opens=java.base/java.util=ALL-UNNAMED --add-opens=java.base/java.lang=ALL-UNNAMED --add-opens=java.base/sun.nio.fs=ALL-UNNAMED -Declipse.application=org.eclipse.jdt.ls.core.id1 -Dosgi.bundles.defaultStartLevel=4 -Declipse.product=org.eclipse.jdt.ls.core.product -Djava.import.generatesMetadataFilesAtProjectRoot=false -DDetectVMInstallationsJob.disabled=true -Dfile.encoding=utf8 -XX:+UseParallelGC -XX:GCTimeRatio=4 -XX:AdaptiveSizePolicyWeight=90 -Dsun.zip.disableMemoryMapping=true -Xmx2G -Xms100m -Xlog:disable -javaagent:c:\Users\Nidhi Ji\.vscode\extensions\redhat.java-1.53.0-win32-x64\lombok\lombok-1.18.39-4050.jar -XX:+HeapDumpOnOutOfMemoryError -XX:HeapDumpPath=c:\Users\Nidhi Ji\AppData\Roaming\Code\User\workspaceStorage\fbe148cfd51d329f29f5a0c7025826a9\redhat.java -Daether.dependencyCollector.impl=bf c:\Users\Nidhi Ji\.vscode\extensions\redhat.java-1.53.0-win32-x64\server\plugins\org.eclipse.equinox.launcher_1.7.100.v20251111-0406.jar -configuration c:\Users\Nidhi Ji\AppData\Roaming\Code\User\globalStorage\redhat.java\1.53.0\config_win -data c:\Users\Nidhi Ji\AppData\Roaming\Code\User\workspaceStorage\fbe148cfd51d329f29f5a0c7025826a9\redhat.java\jdt_ws --pipe=\\.\pipe\lsp-f56c5a639d2dc2d48db436e2acdee545-sock

Host: Intel(R) Core(TM) i3-1005G1 CPU @ 1.20GHz, 4 cores, 11G,  Windows 11 , 64 bit Build 26100 (10.0.26100.6725)
Time: Sat Apr  4 15:06:01 2026 India Standard Time elapsed time: 1.345633 seconds (0d 0h 0m 1s)

---------------  T H R E A D  ---------------

Current thread (0x000001f176302d30):  JavaThread "C2 CompilerThread0" daemon [_thread_in_native, id=13404, stack(0x0000000e92c00000,0x0000000e92d00000) (1024K)]


Current CompileTask:
C2:1345  660       4       lombok.patcher.PatchScript::classMatches (41 bytes)

Stack: [0x0000000e92c00000,0x0000000e92d00000]
Native frames: (J=compiled Java code, j=interpreted, Vv=VM code, C=native code)
V  [jvm.dll+0x6d7a39]
V  [jvm.dll+0x8b4b26]
V  [jvm.dll+0x8b70de]
V  [jvm.dll+0x8b77c3]
V  [jvm.dll+0x284346]
V  [jvm.dll+0xc66ed]
V  [jvm.dll+0xc6c31]
V  [jvm.dll+0x2fb29e]
V  [jvm.dll+0x5fe884]
V  [jvm.dll+0x255b17]
V  [jvm.dll+0x255edd]
V  [jvm.dll+0x24e500]
V  [jvm.dll+0x24ba42]
V  [jvm.dll+0x1cb34e]
V  [jvm.dll+0x25b85d]
V  [jvm.dll+0x259dea]
V  [jvm.dll+0x3f857e]
V  [jvm.dll+0x85f59d]
V  [jvm.dll+0x6d626d]
C  [ucrtbase.dll+0x37b0]
C  [KERNEL32.DLL+0x2e8d7]
C  [ntdll.dll+0x8c53c]


---------------  P R O C E S S  ---------------

Threads class SMR info:
_java_thread_list=0x000001f17ec21c60, length=11, elements={
0x000001f1764062c0, 0x000001f1762f3000, 0x000001f1762f7040, 0x000001f1762f9ba0,
0x000001f1762fc810, 0x000001f1762fd470, 0x000001f176301ef0, 0x000001f176302d30,
0x000001f17637ff10, 0x000001f17eac8620, 0x000001f17ec2f0a0
}

Java Threads: ( => current thread )
  0x000001f1764062c0 JavaThread "main"                              [_thread_in_vm, id=15240, stack(0x0000000e92200000,0x0000000e92300000) (1024K)]
  0x000001f1762f3000 JavaThread "Reference Handler"          daemon [_thread_blocked, id=20164, stack(0x0000000e92600000,0x0000000e92700000) (1024K)]
  0x000001f1762f7040 JavaThread "Finalizer"                  daemon [_thread_blocked, id=7728, stack(0x0000000e92700000,0x0000000e92800000) (1024K)]
  0x000001f1762f9ba0 JavaThread "Signal Dispatcher"          daemon [_thread_blocked, id=14760, stack(0x0000000e92800000,0x0000000e92900000) (1024K)]
  0x000001f1762fc810 JavaThread "Attach Listener"            daemon [_thread_blocked, id=15976, stack(0x0000000e92900000,0x0000000e92a00000) (1024K)]
  0x000001f1762fd470 JavaThread "Service Thread"             daemon [_thread_blocked, id=14340, stack(0x0000000e92a00000,0x0000000e92b00000) (1024K)]
  0x000001f176301ef0 JavaThread "Monitor Deflation Thread"   daemon [_thread_blocked, id=13320, stack(0x0000000e92b00000,0x0000000e92c00000) (1024K)]
=>0x000001f176302d30 JavaThread "C2 CompilerThread0"         daemon [_thread_in_native, id=13404, stack(0x0000000e92c00000,0x0000000e92d00000) (1024K)]
  0x000001f17637ff10 JavaThread "C1 CompilerThread0"         daemon [_thread_blocked, id=20928, stack(0x0000000e92d00000,0x0000000e92e00000) (1024K)]
  0x000001f17eac8620 JavaThread "Common-Cleaner"             daemon [_thread_blocked, id=17196, stack(0x0000000e92e00000,0x0000000e92f00000) (1024K)]
  0x000001f17ec2f0a0 JavaThread "Notification Thread"        daemon [_thread_blocked, id=7972, stack(0x0000000e92f00000,0x0000000e93000000) (1024K)]
Total: 11

Other Threads:
  0x000001f1762de8d0 VMThread "VM Thread"                           [id=1808, stack(0x0000000e92500000,0x0000000e92600000) (1024K)] _threads_hazard_ptr=0x000001f17ec21c60
  0x000001f1764769b0 WatcherThread "VM Periodic Task Thread"        [id=6312, stack(0x0000000e92400000,0x0000000e92500000) (1024K)]
  0x000001f176428770 WorkerThread "GC Thread#0"                     [id=18064, stack(0x0000000e92300000,0x0000000e92400000) (1024K)]
Total: 3

Threads with active compile tasks:
C2 CompilerThread0  1364  660       4       lombok.patcher.PatchScript::classMatches (41 bytes)
Total: 1

VM state: synchronizing (normal execution)

VM Mutex/Monitor currently owned by a thread:  ([mutex/lock_event])
[0x00007ff875b9e560] Threads_lock - owner thread: 0x000001f1762de8d0

Heap address: 0x0000000080000000, size: 2048 MB, Compressed Oops mode: 32-bit

CDS archive(s) mapped at: [0x000001f10f000000-0x000001f10fba0000-0x000001f10fba0000), size 12189696, SharedBaseAddress: 0x000001f10f000000, ArchiveRelocationMode: 1.
Compressed class space mapped at: 0x000001f110000000-0x000001f150000000, reserved size: 1073741824
Narrow klass base: 0x000001f10f000000, Narrow klass shift: 0, Narrow klass range: 0x100000000

GC Precious Log:
 CardTable entry size: 512
 CPUs: 4 total, 4 available
 Memory: 12069M
 Large Page Support: Disabled
 NUMA Support: Disabled
 Compressed Oops: Enabled (32-bit)
 Alignments: Space 512K, Generation 512K, Heap 2M
 Heap Min Capacity: 100M
 Heap Initial Capacity: 100M
 Heap Max Capacity: 2G
 Pre-touch: Disabled
 Parallel Workers: 4

Heap:
 PSYoungGen      total 29696K, used 12424K [0x00000000d5580000, 0x00000000d7680000, 0x0000000100000000)
  eden space 25600K, 48% used [0x00000000d5580000,0x00000000d61a22f8,0x00000000d6e80000)
  from space 4096K, 0% used [0x00000000d7280000,0x00000000d7280000,0x00000000d7680000)
  to   space 4096K, 0% used [0x00000000d6e80000,0x00000000d6e80000,0x00000000d7280000)
 ParOldGen       total 68608K, used 0K [0x0000000080000000, 0x0000000084300000, 0x00000000d5580000)
  object space 68608K, 0% used [0x0000000080000000,0x0000000080000000,0x0000000084300000)
 Metaspace       used 2234K, committed 2432K, reserved 1114112K
  class space    used 222K, committed 320K, reserved 1048576K

Card table byte_map: [0x000001f175db0000,0x000001f1761c0000] _byte_map_base: 0x000001f1759b0000

Marking Bits: (ParMarkBitMap*) 0x00007ff875ba3450
 Begin Bits: [0x000001f1798c0000, 0x000001f17b8c0000)
 End Bits:   [0x000001f17b8c0000, 0x000001f17d8c0000)

Polling page: 0x000001f174390000

Metaspace:

Usage:
  Non-class:      1.97 MB used.
      Class:    222.00 KB used.
       Both:      2.18 MB used.

Virtual space:
  Non-class space:       64.00 MB reserved,       2.06 MB (  3%) committed,  1 nodes.
      Class space:        1.00 GB reserved,     320.00 KB ( <1%) committed,  1 nodes.
             Both:        1.06 GB reserved,       2.38 MB ( <1%) committed. 

Chunk freelists:
   Non-Class:  11.65 MB
       Class:  15.67 MB
        Both:  27.32 MB

MaxMetaspaceSize: unlimited
CompressedClassSpaceSize: 1.00 GB
Initial GC threshold: 21.00 MB
Current GC threshold: 21.00 MB
CDS: on
 - commit_granule_bytes: 65536.
 - commit_granule_words: 8192.
 - virtual_space_node_default_size: 8388608.
 - enlarge_chunks_in_place: 1.
 - use_allocation_guard: 0.


Internal statistics:

num_allocs_failed_limit: 0.
num_arena_births: 80.
num_arena_deaths: 0.
num_vsnodes_births: 2.
num_vsnodes_deaths: 0.
num_space_committed: 38.
num_space_uncommitted: 0.
num_chunks_returned_to_freelist: 0.
num_chunks_taken_from_freelist: 102.
num_chunk_merges: 0.
num_chunk_splits: 72.
num_chunks_enlarged: 46.
num_inconsistent_stats: 0.

CodeHeap 'non-profiled nmethods': size=120000Kb used=248Kb max_used=248Kb free=119752Kb
 bounds [0x000001f107ad0000, 0x000001f107d40000, 0x000001f10f000000]
CodeHeap 'profiled nmethods': size=120000Kb used=968Kb max_used=968Kb free=119031Kb
 bounds [0x000001f100000000, 0x000001f100270000, 0x000001f107530000]
CodeHeap 'non-nmethods': size=5760Kb used=1181Kb max_used=1196Kb free=4578Kb
 bounds [0x000001f107530000, 0x000001f1077a0000, 0x000001f107ad0000]
CodeCache: size=245760Kb, used=2397Kb, max_used=2412Kb, free=243361Kb
 total_blobs=1087, nmethods=660, adapters=334, full_count=0
Compilation: enabled, stopped_count=0, restarted_count=0

Compilation events (20 events):
Event: 1.227 Thread 0x000001f17637ff10  650       3       sun.security.util.DerValue::<init> (445 bytes)
Event: 1.228 Thread 0x000001f17637ff10 nmethod 650 0x000001f1000ed990 code [0x000001f1000eddc0, 0x000001f1000ef778]
Event: 1.229 Thread 0x000001f176302d30 nmethod 648 0x000001f107b0b590 code [0x000001f107b0b740, 0x000001f107b0b9d8]
Event: 1.229 Thread 0x000001f17637ff10  651       3       sun.security.util.DerInputStream::getDerValue (76 bytes)
Event: 1.229 Thread 0x000001f17637ff10 nmethod 651 0x000001f1000f0110 code [0x000001f1000f02c0, 0x000001f1000f0520]
Event: 1.230 Thread 0x000001f176302d30  652       4       java.util.HashSet::iterator (13 bytes)
Event: 1.243 Thread 0x000001f176302d30 nmethod 652 0x000001f107b0bf90 code [0x000001f107b0c180, 0x000001f107b0c7a0]
Event: 1.243 Thread 0x000001f176302d30  653       4       java.util.HashMap::keySet (25 bytes)
Event: 1.245 Thread 0x000001f176302d30 nmethod 653 0x000001f107b0cb90 code [0x000001f107b0cd20, 0x000001f107b0ce38]
Event: 1.246 Thread 0x000001f17637ff10  656       3       jdk.internal.org.objectweb.asm.SymbolTable::addConstantNameAndType (137 bytes)
Event: 1.247 Thread 0x000001f17637ff10 nmethod 656 0x000001f1000f0610 code [0x000001f1000f0880, 0x000001f1000f0f80]
Event: 1.247 Thread 0x000001f17637ff10  657       3       jdk.internal.org.objectweb.asm.SymbolTable::hash (15 bytes)
Event: 1.247 Thread 0x000001f17637ff10 nmethod 657 0x000001f1000f1390 code [0x000001f1000f1540, 0x000001f1000f16c0]
Event: 1.247 Thread 0x000001f17637ff10  658       3       jdk.internal.org.objectweb.asm.SymbolTable$Entry::<init> (18 bytes)
Event: 1.247 Thread 0x000001f17637ff10 nmethod 658 0x000001f1000f1810 code [0x000001f1000f19c0, 0x000001f1000f1b38]
Event: 1.249 Thread 0x000001f176302d30  659       4       java.util.Collections$UnmodifiableCollection::iterator (9 bytes)
Event: 1.266 Thread 0x000001f176302d30 nmethod 659 0x000001f107b0d210 code [0x000001f107b0d420, 0x000001f107b0db78]
Event: 1.267 Thread 0x000001f176302d30  660       4       lombok.patcher.PatchScript::classMatches (41 bytes)
Event: 1.320 Thread 0x000001f17637ff10  662       3       java.math.BigInteger::destructiveMulAdd (150 bytes)
Event: 1.320 Thread 0x000001f17637ff10 nmethod 662 0x000001f1000f1c10 code [0x000001f1000f1dc0, 0x000001f1000f20f0]

GC Heap History (0 events):
No events

Dll operation events (8 events):
Event: 0.027 Loaded shared library c:\Users\Nidhi Ji\.vscode\extensions\redhat.java-1.53.0-win32-x64\jre\21.0.10-win32-x86_64\bin\java.dll
Event: 0.222 Loaded shared library c:\Users\Nidhi Ji\.vscode\extensions\redhat.java-1.53.0-win32-x64\jre\21.0.10-win32-x86_64\bin\zip.dll
Event: 0.268 Loaded shared library C:\Users\Nidhi Ji\.vscode\extensions\redhat.java-1.53.0-win32-x64\jre\21.0.10-win32-x86_64\bin\instrument.dll
Event: 0.277 Loaded shared library C:\Users\Nidhi Ji\.vscode\extensions\redhat.java-1.53.0-win32-x64\jre\21.0.10-win32-x86_64\bin\net.dll
Event: 0.280 Loaded shared library C:\Users\Nidhi Ji\.vscode\extensions\redhat.java-1.53.0-win32-x64\jre\21.0.10-win32-x86_64\bin\nio.dll
Event: 0.285 Loaded shared library C:\Users\Nidhi Ji\.vscode\extensions\redhat.java-1.53.0-win32-x64\jre\21.0.10-win32-x86_64\bin\zip.dll
Event: 0.314 Loaded shared library C:\Users\Nidhi Ji\.vscode\extensions\redhat.java-1.53.0-win32-x64\jre\21.0.10-win32-x86_64\bin\jimage.dll
Event: 0.774 Loaded shared library c:\Users\Nidhi Ji\.vscode\extensions\redhat.java-1.53.0-win32-x64\jre\21.0.10-win32-x86_64\bin\verify.dll

Deoptimization events (20 events):
Event: 1.018 Thread 0x000001f1764062c0 Uncommon trap: trap_request=0xffffff45 fr.pc=0x000001f107ae1560 relative=0x00000000000000c0
Event: 1.018 Thread 0x000001f1764062c0 Uncommon trap: reason=unstable_if action=reinterpret pc=0x000001f107ae1560 method=java.lang.String.isLatin1()Z @ 10 c2
Event: 1.018 Thread 0x000001f1764062c0 DEOPT PACKING pc=0x000001f107ae1560 sp=0x0000000e922ff3d0
Event: 1.018 Thread 0x000001f1764062c0 DEOPT UNPACKING pc=0x000001f107586da2 sp=0x0000000e922ff310 mode 2
Event: 1.024 Thread 0x000001f1764062c0 Uncommon trap: trap_request=0xffffffde fr.pc=0x000001f107ae0458 relative=0x00000000000007b8
Event: 1.024 Thread 0x000001f1764062c0 Uncommon trap: reason=class_check action=maybe_recompile pc=0x000001f107ae0458 method=java.util.HashMap.putVal(ILjava/lang/Object;Ljava/lang/Object;ZZ)Ljava/lang/Object; @ 152 c2
Event: 1.024 Thread 0x000001f1764062c0 DEOPT PACKING pc=0x000001f107ae0458 sp=0x0000000e922ff200
Event: 1.024 Thread 0x000001f1764062c0 DEOPT UNPACKING pc=0x000001f107586da2 sp=0x0000000e922ff160 mode 2
Event: 1.024 Thread 0x000001f1764062c0 Uncommon trap: trap_request=0xffffffde fr.pc=0x000001f107ae0458 relative=0x00000000000007b8
Event: 1.024 Thread 0x000001f1764062c0 Uncommon trap: reason=class_check action=maybe_recompile pc=0x000001f107ae0458 method=java.util.HashMap.putVal(ILjava/lang/Object;Ljava/lang/Object;ZZ)Ljava/lang/Object; @ 152 c2
Event: 1.024 Thread 0x000001f1764062c0 DEOPT PACKING pc=0x000001f107ae0458 sp=0x0000000e922ff200
Event: 1.024 Thread 0x000001f1764062c0 DEOPT UNPACKING pc=0x000001f107586da2 sp=0x0000000e922ff160 mode 2
Event: 1.029 Thread 0x000001f1764062c0 DEOPT PACKING pc=0x000001f100032718 sp=0x0000000e922fce70
Event: 1.029 Thread 0x000001f1764062c0 DEOPT UNPACKING pc=0x000001f1075878e2 sp=0x0000000e922fc330 mode 0
Event: 1.031 Thread 0x000001f1764062c0 DEOPT PACKING pc=0x000001f100032718 sp=0x0000000e922fccb0
Event: 1.031 Thread 0x000001f1764062c0 DEOPT UNPACKING pc=0x000001f1075878e2 sp=0x0000000e922fc170 mode 0
Event: 1.184 Thread 0x000001f1764062c0 Uncommon trap: trap_request=0xffffff45 fr.pc=0x000001f107af3150 relative=0x00000000000000b0
Event: 1.184 Thread 0x000001f1764062c0 Uncommon trap: reason=unstable_if action=reinterpret pc=0x000001f107af3150 method=java.net.URI.match(CJJ)Z @ 45 c2
Event: 1.184 Thread 0x000001f1764062c0 DEOPT PACKING pc=0x000001f107af3150 sp=0x0000000e922fd350
Event: 1.184 Thread 0x000001f1764062c0 DEOPT UNPACKING pc=0x000001f107586da2 sp=0x0000000e922fd2b8 mode 2

Classes loaded (20 events):
Event: 1.248 Loading class java/util/regex/Pattern$NotBehind
Event: 1.248 Loading class java/util/regex/Pattern$NotBehind done
Event: 1.248 Loading class sun/security/util/AbstractAlgorithmConstraints$1
Event: 1.248 Loading class sun/security/util/AbstractAlgorithmConstraints$1 done
Event: 1.250 Loading class sun/security/util/DisabledAlgorithmConstraints$Constraints
Event: 1.266 Loading class sun/security/util/DisabledAlgorithmConstraints$Constraints done
Event: 1.266 Loading class sun/security/util/CurveDB
Event: 1.266 Loading class sun/security/util/CurveDB done
Event: 1.267 Loading class java/security/spec/ECFieldFp
Event: 1.313 Loading class java/security/spec/ECField
Event: 1.313 Loading class java/security/spec/ECField done
Event: 1.318 Loading class java/security/spec/ECFieldFp done
Event: 1.318 Loading class java/security/spec/EllipticCurve
Event: 1.318 Loading class java/security/spec/EllipticCurve done
Event: 1.319 Loading class java/security/spec/ECPoint
Event: 1.319 Loading class java/security/spec/ECPoint done
Event: 1.319 Loading class sun/security/util/NamedCurve
Event: 1.319 Loading class java/security/spec/ECParameterSpec
Event: 1.319 Loading class java/security/spec/ECParameterSpec done
Event: 1.319 Loading class sun/security/util/NamedCurve done

Classes unloaded (0 events):
No events

Classes redefined (0 events):
No events

Internal exceptions (12 events):
Event: 0.217 Thread 0x000001f1764062c0 Exception <a 'java/lang/NoSuchMethodError'{0x00000000d57a9040}: 'void java.lang.invoke.DirectMethodHandle$Holder.invokeStatic(java.lang.Object, java.lang.Object, java.lang.Object)'> (0x00000000d57a9040) 
thrown [s\src\hotspot\share\interpreter\linkResolver.cpp, line 773]
Event: 0.305 Thread 0x000001f1764062c0 Exception <a 'java/lang/NoSuchMethodError'{0x00000000d5912de0}: 'java.lang.Object java.lang.invoke.Invokers$Holder.invokeExact_MT(java.lang.Object, java.lang.Object, java.lang.Object, java.lang.Object, java.lang.Object)'> (0x00000000d5912de0) 
thrown [s\src\hotspot\share\interpreter\linkResolver.cpp, line 773]
Event: 0.513 Thread 0x000001f1764062c0 Exception <a 'java/lang/NoSuchMethodError'{0x00000000d59ce180}: 'int java.lang.invoke.DirectMethodHandle$Holder.invokeSpecial(java.lang.Object, java.lang.Object, java.lang.Object, int)'> (0x00000000d59ce180) 
thrown [s\src\hotspot\share\interpreter\linkResolver.cpp, line 773]
Event: 0.598 Thread 0x000001f1764062c0 Exception <a 'java/lang/NoSuchMethodError'{0x00000000d59e0b68}: 'java.lang.Object java.lang.invoke.DirectMethodHandle$Holder.invokeStatic(java.lang.Object, java.lang.Object, java.lang.Object, java.lang.Object, int)'> (0x00000000d59e0b68) 
thrown [s\src\hotspot\share\interpreter\linkResolver.cpp, line 773]
Event: 0.667 Thread 0x000001f1764062c0 Exception <a 'java/lang/NoSuchMethodError'{0x00000000d59ebfa8}: 'void java.lang.invoke.DelegatingMethodHandle$Holder.reinvoke_L(java.lang.Object, java.lang.Object, java.lang.Object, int, java.lang.Object)'> (0x00000000d59ebfa8) 
thrown [s\src\hotspot\share\interpreter\linkResolver.cpp, line 773]
Event: 0.669 Thread 0x000001f1764062c0 Exception <a 'java/lang/NoSuchMethodError'{0x00000000d59ef9e0}: 'int java.lang.invoke.DirectMethodHandle$Holder.invokeSpecial(java.lang.Object, java.lang.Object, java.lang.Object)'> (0x00000000d59ef9e0) 
thrown [s\src\hotspot\share\interpreter\linkResolver.cpp, line 773]
Event: 0.702 Thread 0x000001f1764062c0 Exception <a 'java/lang/NoSuchMethodError'{0x00000000d5a086d0}: 'java.lang.Object java.lang.invoke.DirectMethodHandle$Holder.invokeStatic(java.lang.Object, java.lang.Object, int)'> (0x00000000d5a086d0) 
thrown [s\src\hotspot\share\interpreter\linkResolver.cpp, line 773]
Event: 0.704 Thread 0x000001f1764062c0 Exception <a 'java/lang/NoSuchMethodError'{0x00000000d5a0d020}: 'void java.lang.invoke.DirectMethodHandle$Holder.invokeStatic(java.lang.Object, java.lang.Object, int, java.lang.Object)'> (0x00000000d5a0d020) 
thrown [s\src\hotspot\share\interpreter\linkResolver.cpp, line 773]
Event: 0.706 Thread 0x000001f1764062c0 Exception <a 'java/lang/NoSuchMethodError'{0x00000000d5a10bb0}: 'void java.lang.invoke.DirectMethodHandle$Holder.invokeSpecial(java.lang.Object, java.lang.Object, java.lang.Object, int, java.lang.Object)'> (0x00000000d5a10bb0) 
thrown [s\src\hotspot\share\interpreter\linkResolver.cpp, line 773]
Event: 0.714 Thread 0x000001f1764062c0 Exception <a 'java/lang/NoSuchMethodError'{0x00000000d5a14278}: 'void java.lang.invoke.DelegatingMethodHandle$Holder.delegate(java.lang.Object, java.lang.Object, int, java.lang.Object)'> (0x00000000d5a14278) 
thrown [s\src\hotspot\share\interpreter\linkResolver.cpp, line 773]
Event: 0.837 Thread 0x000001f1764062c0 Exception <a 'java/lang/NoSuchMethodError'{0x00000000d5be0f98}: 'void java.lang.invoke.DelegatingMethodHandle$Holder.reinvoke_L(java.lang.Object, java.lang.Object, java.lang.Object, int)'> (0x00000000d5be0f98) 
thrown [s\src\hotspot\share\interpreter\linkResolver.cpp, line 773]
Event: 1.160 Thread 0x000001f1764062c0 Exception <a 'java/lang/NoSuchMethodError'{0x00000000d607a4a0}: 'void java.lang.invoke.DirectMethodHandle$Holder.invokeVirtual(java.lang.Object, java.lang.Object)'> (0x00000000d607a4a0) 
thrown [s\src\hotspot\share\interpreter\linkResolver.cpp, line 773]

ZGC Phase Switch (0 events):
No events

VM Operations (4 events):
Event: 0.221 Executing non-safepoint VM operation: HandshakeAllThreads (Deoptimize)
Event: 0.221 Executing non-safepoint VM operation: HandshakeAllThreads (Deoptimize) done
Event: 0.343 Executing non-safepoint VM operation: HandshakeAllThreads (Deoptimize)
Event: 0.343 Executing non-safepoint VM operation: HandshakeAllThreads (Deoptimize) done

Memory protections (0 events):
No events

Nmethod flushes (0 events):
No events

Events (11 events):
Event: 0.045 Thread 0x000001f1764062c0 Thread added: 0x000001f1764062c0
Event: 0.071 Thread 0x000001f1764062c0 Thread added: 0x000001f1762f3000
Event: 0.071 Thread 0x000001f1764062c0 Thread added: 0x000001f1762f7040
Event: 0.071 Thread 0x000001f1764062c0 Thread added: 0x000001f1762f9ba0
Event: 0.072 Thread 0x000001f1764062c0 Thread added: 0x000001f1762fc810
Event: 0.072 Thread 0x000001f1764062c0 Thread added: 0x000001f1762fd470
Event: 0.072 Thread 0x000001f1764062c0 Thread added: 0x000001f176301ef0
Event: 0.072 Thread 0x000001f1764062c0 Thread added: 0x000001f176302d30
Event: 0.085 Thread 0x000001f1764062c0 Thread added: 0x000001f17637ff10
Event: 0.272 Thread 0x000001f1764062c0 Thread added: 0x000001f17eac8620
Event: 1.002 Thread 0x000001f1764062c0 Thread added: 0x000001f17ec2f0a0


Dynamic libraries:
0x00007ff7add30000 - 0x00007ff7add3e000 	c:\Users\Nidhi Ji\.vscode\extensions\redhat.java-1.53.0-win32-x64\jre\21.0.10-win32-x86_64\bin\java.exe
0x00007ff90d3e0000 - 0x00007ff90d648000 	C:\WINDOWS\SYSTEM32\ntdll.dll
0x00007ff90bc70000 - 0x00007ff90bd39000 	C:\WINDOWS\System32\KERNEL32.DLL
0x00007ff90a570000 - 0x00007ff90a962000 	C:\WINDOWS\System32\KERNELBASE.dll
0x00007ff90af20000 - 0x00007ff90b06b000 	C:\WINDOWS\System32\ucrtbase.dll
0x00007ff8e9fb0000 - 0x00007ff8e9fc8000 	c:\Users\Nidhi Ji\.vscode\extensions\redhat.java-1.53.0-win32-x64\jre\21.0.10-win32-x86_64\bin\jli.dll
0x00007ff90b8b0000 - 0x00007ff90ba75000 	C:\WINDOWS\System32\USER32.dll
0x00007ff90ac50000 - 0x00007ff90ac77000 	C:\WINDOWS\System32\win32u.dll
0x00007ff90d2a0000 - 0x00007ff90d2cb000 	C:\WINDOWS\System32\GDI32.dll
0x00007ff90ac80000 - 0x00007ff90adad000 	C:\WINDOWS\System32\gdi32full.dll
0x00007ff90b070000 - 0x00007ff90b113000 	C:\WINDOWS\System32\msvcp_win.dll
0x00007ff8e90f0000 - 0x00007ff8e910e000 	c:\Users\Nidhi Ji\.vscode\extensions\redhat.java-1.53.0-win32-x64\jre\21.0.10-win32-x86_64\bin\VCRUNTIME140.dll
0x00007ff8f4980000 - 0x00007ff8f4c13000 	C:\WINDOWS\WinSxS\amd64_microsoft.windows.common-controls_6595b64144ccf1df_6.0.26100.6899_none_3e0efeeae32e88c1\COMCTL32.dll
0x00007ff90bbc0000 - 0x00007ff90bc69000 	C:\WINDOWS\System32\msvcrt.dll
0x00007ff90d2d0000 - 0x00007ff90d2ff000 	C:\WINDOWS\System32\IMM32.DLL
0x00007ff8ea400000 - 0x00007ff8ea40c000 	c:\Users\Nidhi Ji\.vscode\extensions\redhat.java-1.53.0-win32-x64\jre\21.0.10-win32-x86_64\bin\vcruntime140_1.dll
0x00007ff89d020000 - 0x00007ff89d0ad000 	c:\Users\Nidhi Ji\.vscode\extensions\redhat.java-1.53.0-win32-x64\jre\21.0.10-win32-x86_64\bin\msvcp140.dll
0x00007ff874ee0000 - 0x00007ff875c81000 	c:\Users\Nidhi Ji\.vscode\extensions\redhat.java-1.53.0-win32-x64\jre\21.0.10-win32-x86_64\bin\server\jvm.dll
0x00007ff90b650000 - 0x00007ff90b704000 	C:\WINDOWS\System32\ADVAPI32.dll
0x00007ff90ba90000 - 0x00007ff90bb36000 	C:\WINDOWS\System32\sechost.dll
0x00007ff90c3a0000 - 0x00007ff90c4b8000 	C:\WINDOWS\System32\RPCRT4.dll
0x00007ff90bb40000 - 0x00007ff90bbb4000 	C:\WINDOWS\System32\WS2_32.dll
0x00007ff90a3f0000 - 0x00007ff90a44e000 	C:\WINDOWS\SYSTEM32\POWRPROF.dll
0x00007ff8f4f90000 - 0x00007ff8f4fc5000 	C:\WINDOWS\SYSTEM32\WINMM.dll
0x00007ff8fecf0000 - 0x00007ff8fecfb000 	C:\WINDOWS\SYSTEM32\VERSION.dll
0x00007ff90a3d0000 - 0x00007ff90a3e4000 	C:\WINDOWS\SYSTEM32\UMPDC.dll
0x00007ff909340000 - 0x00007ff90935b000 	C:\WINDOWS\SYSTEM32\kernel.appcore.dll
0x00007ff8e9e40000 - 0x00007ff8e9e4a000 	c:\Users\Nidhi Ji\.vscode\extensions\redhat.java-1.53.0-win32-x64\jre\21.0.10-win32-x86_64\bin\jimage.dll
0x00007ff907d50000 - 0x00007ff907f92000 	C:\WINDOWS\SYSTEM32\DBGHELP.DLL
0x00007ff90bd40000 - 0x00007ff90c0bb000 	C:\WINDOWS\System32\combase.dll
0x00007ff90c130000 - 0x00007ff90c207000 	C:\WINDOWS\System32\OLEAUT32.dll
0x00007ff8eeb90000 - 0x00007ff8eebcc000 	C:\WINDOWS\SYSTEM32\dbgcore.DLL
0x00007ff90a970000 - 0x00007ff90aa08000 	C:\WINDOWS\System32\bcryptPrimitives.dll
0x00007ff8e90e0000 - 0x00007ff8e90ef000 	c:\Users\Nidhi Ji\.vscode\extensions\redhat.java-1.53.0-win32-x64\jre\21.0.10-win32-x86_64\bin\instrument.dll
0x00007ff8e90c0000 - 0x00007ff8e90e0000 	c:\Users\Nidhi Ji\.vscode\extensions\redhat.java-1.53.0-win32-x64\jre\21.0.10-win32-x86_64\bin\java.dll
0x00007ff90cb50000 - 0x00007ff90d29d000 	C:\WINDOWS\System32\SHELL32.dll
0x00007ff90adb0000 - 0x00007ff90af1b000 	C:\WINDOWS\System32\wintypes.dll
0x00007ff908200000 - 0x00007ff908a5d000 	C:\WINDOWS\SYSTEM32\windows.storage.dll
0x00007ff90c2a0000 - 0x00007ff90c392000 	C:\WINDOWS\System32\SHCORE.dll
0x00007ff90c0c0000 - 0x00007ff90c122000 	C:\WINDOWS\System32\shlwapi.dll
0x00007ff90a490000 - 0x00007ff90a4b9000 	C:\WINDOWS\SYSTEM32\profapi.dll
0x00007ff8e90a0000 - 0x00007ff8e90b8000 	c:\Users\Nidhi Ji\.vscode\extensions\redhat.java-1.53.0-win32-x64\jre\21.0.10-win32-x86_64\bin\zip.dll
0x00007ff8e9040000 - 0x00007ff8e9050000 	C:\Users\Nidhi Ji\.vscode\extensions\redhat.java-1.53.0-win32-x64\jre\21.0.10-win32-x86_64\bin\net.dll
0x00007ff8fe4a0000 - 0x00007ff8fe5bf000 	C:\WINDOWS\SYSTEM32\WINHTTP.dll
0x00007ff9098b0000 - 0x00007ff90991b000 	C:\WINDOWS\system32\mswsock.dll
0x00007ff8e9020000 - 0x00007ff8e9036000 	C:\Users\Nidhi Ji\.vscode\extensions\redhat.java-1.53.0-win32-x64\jre\21.0.10-win32-x86_64\bin\nio.dll
0x00007ff8e9010000 - 0x00007ff8e9020000 	c:\Users\Nidhi Ji\.vscode\extensions\redhat.java-1.53.0-win32-x64\jre\21.0.10-win32-x86_64\bin\verify.dll

JVMTI agents:
c:\Users\Nidhi Ji\.vscode\extensions\redhat.java-1.53.0-win32-x64\lombok\lombok-1.18.39-4050.jar path:c:\Users\Nidhi Ji\.vscode\extensions\redhat.java-1.53.0-win32-x64\jre\21.0.10-win32-x86_64\bin\instrument.dll, loaded, initialized, instrumentlib options:none

dbghelp: loaded successfully - version: 4.0.5 - missing functions: none
symbol engine: initialized successfully - sym options: 0x614 - pdb path: .;c:\Users\Nidhi Ji\.vscode\extensions\redhat.java-1.53.0-win32-x64\jre\21.0.10-win32-x86_64\bin;C:\WINDOWS\SYSTEM32;C:\WINDOWS\WinSxS\amd64_microsoft.windows.common-controls_6595b64144ccf1df_6.0.26100.6899_none_3e0efeeae32e88c1;c:\Users\Nidhi Ji\.vscode\extensions\redhat.java-1.53.0-win32-x64\jre\21.0.10-win32-x86_64\bin\server

VM Arguments:
jvm_args: --add-modules=ALL-SYSTEM --add-opens=java.base/java.util=ALL-UNNAMED --add-opens=java.base/java.lang=ALL-UNNAMED --add-opens=java.base/sun.nio.fs=ALL-UNNAMED -Declipse.application=org.eclipse.jdt.ls.core.id1 -Dosgi.bundles.defaultStartLevel=4 -Declipse.product=org.eclipse.jdt.ls.core.product -Djava.import.generatesMetadataFilesAtProjectRoot=false -DDetectVMInstallationsJob.disabled=true -Dfile.encoding=utf8 -XX:+UseParallelGC -XX:GCTimeRatio=4 -XX:AdaptiveSizePolicyWeight=90 -Dsun.zip.disableMemoryMapping=true -Xmx2G -Xms100m -Xlog:disable -javaagent:c:\Users\Nidhi Ji\.vscode\extensions\redhat.java-1.53.0-win32-x64\lombok\lombok-1.18.39-4050.jar -XX:+HeapDumpOnOutOfMemoryError -XX:HeapDumpPath=c:\Users\Nidhi Ji\AppData\Roaming\Code\User\workspaceStorage\fbe148cfd51d329f29f5a0c7025826a9\redhat.java -Daether.dependencyCollector.impl=bf 
java_command: c:\Users\Nidhi Ji\.vscode\extensions\redhat.java-1.53.0-win32-x64\server\plugins\org.eclipse.equinox.launcher_1.7.100.v20251111-0406.jar -configuration c:\Users\Nidhi Ji\AppData\Roaming\Code\User\globalStorage\redhat.java\1.53.0\config_win -data c:\Users\Nidhi Ji\AppData\Roaming\Code\User\workspaceStorage\fbe148cfd51d329f29f5a0c7025826a9\redhat.java\jdt_ws --pipe=\\.\pipe\lsp-f56c5a639d2dc2d48db436e2acdee545-sock
java_class_path (initial): c:\Users\Nidhi Ji\.vscode\extensions\redhat.java-1.53.0-win32-x64\server\plugins\org.eclipse.equinox.launcher_1.7.100.v20251111-0406.jar
Launcher Type: SUN_STANDARD

[Global flags]
    uintx AdaptiveSizePolicyWeight                 = 90                                        {product} {command line}
     intx CICompilerCount                          = 3                                         {product} {ergonomic}
    uintx GCTimeRatio                              = 4                                         {product} {command line}
     bool HeapDumpOnOutOfMemoryError               = true                                   {manageable} {command line}
    ccstr HeapDumpPath                             = c:\Users\Nidhi Ji\AppData\Roaming\Code\User\workspaceStorage\fbe148cfd51d329f29f5a0c7025826a9\redhat.java         {manageable} {command line}
   size_t InitialHeapSize                          = 104857600                                 {product} {command line}
   size_t MaxHeapSize                              = 2147483648                                {product} {command line}
   size_t MaxNewSize                               = 715653120                                 {product} {ergonomic}
   size_t MinHeapDeltaBytes                        = 524288                                    {product} {ergonomic}
   size_t MinHeapSize                              = 104857600                                 {product} {command line}
   size_t NewSize                                  = 34603008                                  {product} {ergonomic}
    uintx NonNMethodCodeHeapSize                   = 5832780                                {pd product} {ergonomic}
    uintx NonProfiledCodeHeapSize                  = 122912730                              {pd product} {ergonomic}
   size_t OldSize                                  = 70254592                                  {product} {ergonomic}
    uintx ProfiledCodeHeapSize                     = 122912730                              {pd product} {ergonomic}
    uintx ReservedCodeCacheSize                    = 251658240                              {pd product} {ergonomic}
     bool SegmentedCodeCache                       = true                                      {product} {ergonomic}
   size_t SoftMaxHeapSize                          = 2147483648                             {manageable} {ergonomic}
     bool UseCompressedOops                        = true                           {product lp64_product} {ergonomic}
     bool UseLargePagesIndividualAllocation        = false                                  {pd product} {ergonomic}
     bool UseParallelGC                            = true                                      {product} {command line}

Logging:
Log output configuration:
 #0: stdout all=off uptime,level,tags foldmultilines=false
 #1: stderr all=off uptime,level,tags foldmultilines=false

Release file:
JAVA_VERSION="21.0.10" 
MODULES="java.base java.compiler java.datatransfer java.xml java.prefs java.desktop java.instrument java.logging java.management java.security.sasl java.naming java.rmi java.management.rmi java.net.http java.scripting java.security.jgss java.transaction.xa java.sql java.sql.rowset java.xml.crypto java.se java.smartcardio jdk.accessibility jdk.internal.jvmstat jdk.attach jdk.charsets jdk.internal.opt jdk.zipfs jdk.compiler jdk.crypto.ec jdk.crypto.cryptoki jdk.crypto.mscapi jdk.dynalink jdk.internal.ed jdk.editpad jdk.hotspot.agent jdk.httpserver jdk.internal.le jdk.internal.vm.ci jdk.internal.vm.compiler jdk.internal.vm.compiler.management jdk.jartool jdk.javadoc jdk.jcmd jdk.management jdk.management.agent jdk.jconsole jdk.jdeps jdk.jdwp.agent jdk.jdi jdk.jfr jdk.jshell jdk.jsobject jdk.jstatd jdk.localedata jdk.management.jfr jdk.naming.dns jdk.naming.rmi jdk.net jdk.nio.mapmode jdk.random jdk.sctp jdk.security.auth jdk.security.jgss jdk.unsupported jdk.unsupported.desktop jdk.xml.dom" 

Environment Variables:
PATH=C:\Users\Nidhi Ji\AppData\Local\Programs\Microsoft VS Code;C:\Program Files\Python314\Scripts\;C:\Program Files\Python314\;C:\Program Files\Common Files\Oracle\Java\javapath;C:\WINDOWS\system32;C:\WINDOWS;C:\WINDOWS\System32\Wbem;C:\WINDOWS\System32\WindowsPowerShell\v1.0\;C:\WINDOWS\System32\OpenSSH\;C:\Program Files\nodejs;C:\Users\Nidhi Ji\Git\cmd;C:\Program Files\Java\jdk-25\bin;C:\mingw64\bin;C:\Program Files\Java\jdk-25\bin;C:\Program Files\MySQL\MySQL Shell 8.0\bin\;C:\Users\Nidhi Ji\AppData\Local\Programs\Microsoft VS Code\bin;C:\Users\Nidhi Ji\AppData\Local\Microsoft\WindowsApps;C:\Users\Nidhi Ji\AppData\Local\JetBrains\Toolbox\scripts
USERNAME=Nidhi
OS=Windows_NT
PROCESSOR_IDENTIFIER=Intel64 Family 6 Model 126 Stepping 5, GenuineIntel
TMP=C:\Users\NIDHIJ~1\AppData\Local\Temp
TEMP=C:\Users\NIDHIJ~1\AppData\Local\Temp




Periodic native trim disabled

---------------  S Y S T E M  ---------------

OS:
 Windows 11 , 64 bit Build 26100 (10.0.26100.6725)
OS uptime: 0 days 15:15 hours

CPU: total 4 (initial active 4) (2 cores per cpu, 2 threads per core) family 6 model 126 stepping 5 microcode 0xa0, cx8, cmov, fxsr, ht, mmx, 3dnowpref, sse, sse2, sse3, ssse3, sse4.1, sse4.2, popcnt, lzcnt, tsc, tscinvbit, avx, avx2, aes, erms, clmul, bmi1, bmi2, adx, avx512f, avx512dq, avx512cd, avx512bw, avx512vl, sha, fma, vzeroupper, avx512_vpopcntdq, avx512_vpclmulqdq, avx512_vaes, avx512_vnni, clflush, clflushopt, avx512_vbmi2, avx512_vbmi, rdtscp, rdpid, fsrm, gfni, avx512_bitalg, f16c, pku, avx512_ifma
Processor Information for the first 4 processors :
  Max Mhz: 1190, Current Mhz: 1190, Mhz Limit: 1190

Memory: 4k page, system-wide physical 12069M (1295M free)
TotalPageFile size 18194M (AvailPageFile size 2M)
current process WorkingSet (physical memory assigned to process): 55M, peak: 55M
current process commit charge ("private bytes"): 214M, peak: 215M

vm_info: OpenJDK 64-Bit Server VM (21.0.10+7-LTS) for windows-amd64 JRE (21.0.10+7-LTS), built on 2026-01-20T00:00:00Z by "admin" with MS VC++ 17.12 (VS2022)

END.
